# JRE version: Java(TM) SE Runtime Environment (8.0_131-b11) (build 1.8.0_131-b11)
# Java VM: Java HotSpot(TM) 64-Bit Server VM (25.131-b11 mixed mode windows-amd64 compressed oops)
Heap:
 PSYoungGen      total 256000K, used 184121K [0x00000000eb400000, 0x00000000ffc00000, 0x0000000100000000)
  eden space 175616K, 100% used [0x00000000eb400000,0x00000000f5f80000,0x00000000f5f80000)
  from space 80384K, 10% used [0x00000000fad00000,0x00000000fb54e5e0,0x00000000ffb80000)
  to   space 79360K, 0% used [0x00000000f5f80000,0x00000000f5f80000,0x00000000fad00000)
 ParOldGen       total 172544K, used 127394K [0x00000000c1c00000, 0x00000000cc480000, 0x00000000eb400000)
  object space 172544K, 73% used [0x00000000c1c00000,0x00000000c98688b0,0x00000000cc480000)
 Metaspace       used 276449K, capacity 279988K, committed 280448K, reserved 1294336K
  class space    used 35667K, capacity 36433K, committed 36480K, reserved 1048576K
GC Heap History (10 events):
Event: 1756.464 GC heap before
{Heap before GC invocations=64 (full 6):
 PSYoungGen      total 188928K, used 188597K [0x00000000eb400000, 0x00000000ffa80000, 0x0000000100000000)
  eden space 175616K, 100% used [0x00000000eb400000,0x00000000f5f80000,0x00000000f5f80000)
  from space 13312K, 97% used [0x00000000f5f80000,0x00000000f6c2d6c8,0x00000000f6c80000)
  to   space 79360K, 0% used [0x00000000fad00000,0x00000000fad00000,0x00000000ffa80000)
 ParOldGen       total 172544K, used 112149K [0x00000000c1c00000, 0x00000000cc480000, 0x00000000eb400000)
  object space 172544K, 64% used [0x00000000c1c00000,0x00000000c8985790,0x00000000cc480000)
 Metaspace       used 254376K, capacity 257584K, committed 258048K, reserved 1273856K
  class space    used 32762K, capacity 33470K, committed 33536K, reserved 1048576K
Event: 1756.519 GC heap after
Heap after GC invocations=64 (full 6):
 PSYoungGen      total 252416K, used 49010K [0x00000000eb400000, 0x0000000100000000, 0x0000000100000000)
  eden space 173056K, 0% used [0x00000000eb400000,0x00000000eb400000,0x00000000f5d00000)
  from space 79360K, 61% used [0x00000000fad00000,0x00000000fdcdca18,0x00000000ffa80000)
  to   space 81920K, 0% used [0x00000000f5d00000,0x00000000f5d00000,0x00000000fad00000)
 ParOldGen       total 172544K, used 116078K [0x00000000c1c00000, 0x00000000cc480000, 0x00000000eb400000)
  object space 172544K, 67% used [0x00000000c1c00000,0x00000000c8d5b918,0x00000000cc480000)
 Metaspace       used 254376K, capacity 257584K, committed 258048K, reserved 1273856K
  class space    used 32762K, capacity 33470K, committed 33536K, reserved 1048576K
}
Event: 1757.081 GC heap before
{Heap before GC invocations=65 (full 6):
 PSYoungGen      total 252416K, used 222066K [0x00000000eb400000, 0x0000000100000000, 0x0000000100000000)
  eden space 173056K, 100% used [0x00000000eb400000,0x00000000f5d00000,0x00000000f5d00000)
  from space 79360K, 61% used [0x00000000fad00000,0x00000000fdcdca18,0x00000000ffa80000)
  to   space 81920K, 0% used [0x00000000f5d00000,0x00000000f5d00000,0x00000000fad00000)
 ParOldGen       total 172544K, used 116078K [0x00000000c1c00000, 0x00000000cc480000, 0x00000000eb400000)
  object space 172544K, 67% used [0x00000000c1c00000,0x00000000c8d5b918,0x00000000cc480000)
 Metaspace       used 254376K, capacity 257584K, committed 258048K, reserved 1273856K
  class space    used 32762K, capacity 33470K, committed 33536K, reserved 1048576K
Event: 1757.140 GC heap after
Heap after GC invocations=65 (full 6):
 PSYoungGen      total 254976K, used 52748K [0x00000000eb400000, 0x0000000100000000, 0x0000000100000000)
  eden space 173056K, 0% used [0x00000000eb400000,0x00000000eb400000,0x00000000f5d00000)
  from space 81920K, 64% used [0x00000000f5d00000,0x00000000f9083118,0x00000000fad00000)
  to   space 84992K, 0% used [0x00000000fad00000,0x00000000fad00000,0x0000000100000000)
 ParOldGen       total 172544K, used 118385K [0x00000000c1c00000, 0x00000000cc480000, 0x00000000eb400000)
  object space 172544K, 68% used [0x00000000c1c00000,0x00000000c8f9c4a0,0x00000000cc480000)
 Metaspace       used 254376K, capacity 257584K, committed 258048K, reserved 1273856K
  class space    used 32762K, capacity 33470K, committed 33536K, reserved 1048576K
}
Event: 1758.790 GC heap before
{Heap before GC invocations=66 (full 6):
 PSYoungGen      total 254976K, used 225799K [0x00000000eb400000, 0x0000000100000000, 0x0000000100000000)
  eden space 173056K, 99% used [0x00000000eb400000,0x00000000f5cfedc8,0x00000000f5d00000)
  from space 81920K, 64% used [0x00000000f5d00000,0x00000000f9083118,0x00000000fad00000)
  to   space 84992K, 0% used [0x00000000fad00000,0x00000000fad00000,0x0000000100000000)
 ParOldGen       total 172544K, used 118385K [0x00000000c1c00000, 0x00000000cc480000, 0x00000000eb400000)
  object space 172544K, 68% used [0x00000000c1c00000,0x00000000c8f9c4a0,0x00000000cc480000)
 Metaspace       used 261697K, capacity 265012K, committed 265472K, reserved 1280000K
  class space    used 33800K, capacity 34537K, committed 34560K, reserved 1048576K
Event: 1758.817 GC heap after
Heap after GC invocations=66 (full 6):
 PSYoungGen      total 255488K, used 17116K [0x00000000eb400000, 0x00000000ffe00000, 0x0000000100000000)
  eden space 172544K, 0% used [0x00000000eb400000,0x00000000eb400000,0x00000000f5c80000)
  from space 82944K, 20% used [0x00000000fad00000,0x00000000fbdb7300,0x00000000ffe00000)
  to   space 82432K, 0% used [0x00000000f5c80000,0x00000000f5c80000,0x00000000fad00000)
 ParOldGen       total 172544K, used 120537K [0x00000000c1c00000, 0x00000000cc480000, 0x00000000eb400000)
  object space 172544K, 69% used [0x00000000c1c00000,0x00000000c91b64c0,0x00000000cc480000)
 Metaspace       used 261697K, capacity 265012K, committed 265472K, reserved 1280000K
  class space    used 33800K, capacity 34537K, committed 34560K, reserved 1048576K
}
Event: 1760.454 GC heap before
{Heap before GC invocations=67 (full 6):
 PSYoungGen      total 255488K, used 189660K [0x00000000eb400000, 0x00000000ffe00000, 0x0000000100000000)
  eden space 172544K, 100% used [0x00000000eb400000,0x00000000f5c80000,0x00000000f5c80000)
  from space 82944K, 20% used [0x00000000fad00000,0x00000000fbdb7300,0x00000000ffe00000)
  to   space 82432K, 0% used [0x00000000f5c80000,0x00000000f5c80000,0x00000000fad00000)
 ParOldGen       total 172544K, used 120537K [0x00000000c1c00000, 0x00000000cc480000, 0x00000000eb400000)
  object space 172544K, 69% used [0x00000000c1c00000,0x00000000c91b64c0,0x00000000cc480000)
 Metaspace       used 271436K, capacity 274810K, committed 275200K, reserved 1288192K
  class space    used 35050K, capacity 35802K, committed 35840K, reserved 1048576K
Event: 1760.472 GC heap after
Heap after GC invocations=67 (full 6):
 PSYoungGen      total 254976K, used 13003K [0x00000000eb400000, 0x00000000ffb80000, 0x0000000100000000)
  eden space 172544K, 0% used [0x00000000eb400000,0x00000000eb400000,0x00000000f5c80000)
  from space 82432K, 15% used [0x00000000f5c80000,0x00000000f6932e70,0x00000000fad00000)
  to   space 80384K, 0% used [0x00000000fad00000,0x00000000fad00000,0x00000000ffb80000)
 ParOldGen       total 172544K, used 123814K [0x00000000c1c00000, 0x00000000cc480000, 0x00000000eb400000)
  object space 172544K, 71% used [0x00000000c1c00000,0x00000000c94e9880,0x00000000cc480000)
 Metaspace       used 271436K, capacity 274810K, committed 275200K, reserved 1288192K
  class space    used 35050K, capacity 35802K, committed 35840K, reserved 1048576K
}
Event: 1775.554 GC heap before
{Heap before GC invocations=68 (full 6):
 PSYoungGen      total 254976K, used 185547K [0x00000000eb400000, 0x00000000ffb80000, 0x0000000100000000)
  eden space 172544K, 100% used [0x00000000eb400000,0x00000000f5c80000,0x00000000f5c80000)
  from space 82432K, 15% used [0x00000000f5c80000,0x00000000f6932e70,0x00000000fad00000)
  to   space 80384K, 0% used [0x00000000fad00000,0x00000000fad00000,0x00000000ffb80000)
 ParOldGen       total 172544K, used 123814K [0x00000000c1c00000, 0x00000000cc480000, 0x00000000eb400000)
  object space 172544K, 71% used [0x00000000c1c00000,0x00000000c94e9880,0x00000000cc480000)
 Metaspace       used 276105K, capacity 279672K, committed 280192K, reserved 1292288K
  class space    used 35636K, capacity 36397K, committed 36480K, reserved 1048576K
Event: 1775.575 GC heap after
Heap after GC invocations=68 (full 6):
 PSYoungGen      total 256000K, used 8505K [0x00000000eb400000, 0x00000000ffc00000, 0x0000000100000000)
  eden space 175616K, 0% used [0x00000000eb400000,0x00000000eb400000,0x00000000f5f80000)
  from space 80384K, 10% used [0x00000000fad00000,0x00000000fb54e5e0,0x00000000ffb80000)
  to   space 79360K, 0% used [0x00000000f5f80000,0x00000000f5f80000,0x00000000fad00000)
 ParOldGen       total 172544K, used 127394K [0x00000000c1c00000, 0x00000000cc480000, 0x00000000eb400000)
  object space 172544K, 73% used [0x00000000c1c00000,0x00000000c98688b0,0x00000000cc480000)
 Metaspace       used 276105K, capacity 279672K, committed 280192K, reserved 1292288K
  class space    used 35636K, capacity 36397K, committed 36480K, reserved 1048576K
}

